#
# A fatal error has been detected by the Java Runtime Environment:
#
#  Internal Error (classFileParser.cpp:3375), pid=9684, tid=3078601584
#  Error: ShouldNotReachHere()
#
# JRE version: 6.0_20-b20
# Java VM: OpenJDK Client VM (19.0-b09 mixed mode linux-x86 )
# Derivative: IcedTea6 1.9.5
# Distribution: Ubuntu 10.10, package 6b20-1.9.5-0ubuntu1
# If you would like to submit a bug report, please include
# instructions how to reproduce the bug and visit:
#   https://bugs.launchpad.net/ubuntu/+source/openjdk-6/
#

---------------  T H R E A D  ---------------

Current thread (0x08a02800):  JavaThread "Unknown thread" [_thread_in_vm, id=9692, stack(0xb77ab000,0xb77fc000)]

Stack: [0xb77ab000,0xb77fc000],  sp=0xb77fa7e0,  free space=317k
Native frames: (J=compiled Java code, j=interpreted, Vv=VM code, C=native code)
V  [libjvm.so+0x3de8e7]
V  [libjvm.so+0x3deb31]
V  [libjvm.so+0x17366e]
V  [libjvm.so+0x1736e9]
V  [libjvm.so+0x11c556]
V  [libjvm.so+0x11f7db]
V  [libjvm.so+0x389209]
V  [libjvm.so+0x389b52]
V  [libjvm.so+0x389f24]
V  [libjvm.so+0x389fc0]
V  [libjvm.so+0x38a05a]
V  [libjvm.so+0x38a0ed]
V  [libjvm.so+0x38a146]
V  [libjvm.so+0x38a223]
V  [libjvm.so+0x38a519]
V  [libjvm.so+0x3bf8cf]
V  [libjvm.so+0x3c02dc]
V  [libjvm.so+0x1d4388]
V  [libjvm.so+0x3b3dfc]
V  [libjvm.so+0x20d65c]
C  [java+0x2238]  JavaMain+0x88
C  [libpthread.so.0+0x5cc9]


---------------  P R O C E S S  ---------------

Java Threads: ( => current thread )

Other Threads:

=>0x08a02800 (exited) JavaThread "Unknown thread" [_thread_in_vm, id=9692, stack(0xb77ab000,0xb77fc000)]

VM state:not at safepoint (not fully initialized)

VM Mutex/Monitor currently owned by a thread: None

Dynamic libraries:
00110000-00117000 r-xp 00000000 08:02 2761744    /lib/librt-2.12.1.so
00117000-00118000 r--p 00006000 08:02 2761744    /lib/librt-2.12.1.so
00118000-00119000 rw-p 00007000 08:02 2761744    /lib/librt-2.12.1.so
00119000-0013b000 r-xp 00000000 08:02 3410314    /usr/lib/jvm/java-6-openjdk/jre/lib/i386/libjava.so
0013b000-0013c000 r--p 00021000 08:02 3410314    /usr/lib/jvm/java-6-openjdk/jre/lib/i386/libjava.so
0013c000-0013e000 rw-p 00022000 08:02 3410314    /usr/lib/jvm/java-6-openjdk/jre/lib/i386/libjava.so
0013e000-00148000 r-xp 00000000 08:02 2761737    /lib/libnss_files-2.12.1.so
00148000-00149000 r--p 00009000 08:02 2761737    /lib/libnss_files-2.12.1.so
00149000-0014a000 rw-p 0000a000 08:02 2761737    /lib/libnss_files-2.12.1.so
00192000-00198000 r-xp 00000000 08:02 2761735    /lib/libnss_compat-2.12.1.so
00198000-00199000 r--p 00006000 08:02 2761735    /lib/libnss_compat-2.12.1.so
00199000-0019a000 rw-p 00007000 08:02 2761735    /lib/libnss_compat-2.12.1.so
001ba000-001c3000 r-xp 00000000 08:02 2761739    /lib/libnss_nis-2.12.1.so
001c3000-001c4000 r--p 00008000 08:02 2761739    /lib/libnss_nis-2.12.1.so
001c4000-001c5000 rw-p 00009000 08:02 2761739    /lib/libnss_nis-2.12.1.so
00231000-0023c000 r-xp 00000000 08:02 3410330    /usr/lib/jvm/java-6-openjdk/jre/lib/i386/libverify.so
0023c000-0023d000 ---p 0000b000 08:02 3410330    /usr/lib/jvm/java-6-openjdk/jre/lib/i386/libverify.so
0023d000-0023e000 r--p 0000b000 08:02 3410330    /usr/lib/jvm/java-6-openjdk/jre/lib/i386/libverify.so
0023e000-0023f000 rw-p 0000c000 08:02 3410330    /usr/lib/jvm/java-6-openjdk/jre/lib/i386/libverify.so
002a3000-002b6000 r-xp 00000000 08:02 2761734    /lib/libnsl-2.12.1.so
002b6000-002b7000 r--p 00012000 08:02 2761734    /lib/libnsl-2.12.1.so
002b7000-002b8000 rw-p 00013000 08:02 2761734    /lib/libnsl-2.12.1.so
002b8000-002ba000 rw-p 00000000 00:00 0 
00365000-0036b000 r-xp 00000000 08:02 3547358    /usr/lib/jvm/java-6-openjdk/jre/lib/i386/native_threads/libhpi.so
0036b000-0036c000 r--p 00005000 08:02 3547358    /usr/lib/jvm/java-6-openjdk/jre/lib/i386/native_threads/libhpi.so
0036c000-0036d000 rw-p 00006000 08:02 3547358    /usr/lib/jvm/java-6-openjdk/jre/lib/i386/native_threads/libhpi.so
004ca000-004cd000 r-xp 00000000 08:02 3547357    /usr/lib/jvm/java-6-openjdk/jre/lib/i386/jli/libjli.so
004cd000-004ce000 r--p 00002000 08:02 3547357    /usr/lib/jvm/java-6-openjdk/jre/lib/i386/jli/libjli.so
004ce000-004cf000 rw-p 00003000 08:02 3547357    /usr/lib/jvm/java-6-openjdk/jre/lib/i386/jli/libjli.so
00526000-00528000 r-xp 00000000 08:02 2761731    /lib/libdl-2.12.1.so
00528000-00529000 r--p 00001000 08:02 2761731    /lib/libdl-2.12.1.so
00529000-0052a000 rw-p 00002000 08:02 2761731    /lib/libdl-2.12.1.so
00551000-00587000 r-xp 00000000 08:02 3410317    /usr/lib/jvm/java-6-openjdk/jre/lib/i386/libjdwp.so
00587000-00588000 r--p 00035000 08:02 3410317    /usr/lib/jvm/java-6-openjdk/jre/lib/i386/libjdwp.so
00588000-00589000 rw-p 00036000 08:02 3410317    /usr/lib/jvm/java-6-openjdk/jre/lib/i386/libjdwp.so
00665000-00689000 r-xp 00000000 08:02 2761732    /lib/libm-2.12.1.so
00689000-0068a000 r--p 00023000 08:02 2761732    /lib/libm-2.12.1.so
0068a000-0068b000 rw-p 00024000 08:02 2761732    /lib/libm-2.12.1.so
00699000-007f0000 r-xp 00000000 08:02 2761728    /lib/libc-2.12.1.so
007f0000-007f2000 r--p 00157000 08:02 2761728    /lib/libc-2.12.1.so
007f2000-007f3000 rw-p 00159000 08:02 2761728    /lib/libc-2.12.1.so
007f3000-007f6000 rw-p 00000000 00:00 0 
00836000-00852000 r-xp 00000000 08:02 2760939    /lib/ld-2.12.1.so
00852000-00853000 r--p 0001b000 08:02 2760939    /lib/ld-2.12.1.so
00853000-00854000 rw-p 0001c000 08:02 2760939    /lib/ld-2.12.1.so
0095f000-00962000 r-xp 00000000 08:02 3410326    /usr/lib/jvm/java-6-openjdk/jre/lib/i386/libnpt.so
00962000-00963000 r--p 00002000 08:02 3410326    /usr/lib/jvm/java-6-openjdk/jre/lib/i386/libnpt.so
00963000-00964000 rw-p 00003000 08:02 3410326    /usr/lib/jvm/java-6-openjdk/jre/lib/i386/libnpt.so
00a11000-00a26000 r-xp 00000000 08:02 2761742    /lib/libpthread-2.12.1.so
00a26000-00a27000 ---p 00015000 08:02 2761742    /lib/libpthread-2.12.1.so
00a27000-00a28000 r--p 00015000 08:02 2761742    /lib/libpthread-2.12.1.so
00a28000-00a29000 rw-p 00016000 08:02 2761742    /lib/libpthread-2.12.1.so
00a29000-00a2b000 rw-p 00000000 00:00 0 
00d08000-00d0e000 r-xp 00000000 08:02 3410331    /usr/lib/jvm/java-6-openjdk/jre/lib/i386/libzip.so
00d0e000-00d0f000 r--p 00005000 08:02 3410331    /usr/lib/jvm/java-6-openjdk/jre/lib/i386/libzip.so
00d0f000-00d10000 rw-p 00006000 08:02 3410331    /usr/lib/jvm/java-6-openjdk/jre/lib/i386/libzip.so
00d4a000-00d5d000 r-xp 00000000 08:02 2752706    /lib/libz.so.1.2.3.4
00d5d000-00d5e000 r--p 00012000 08:02 2752706    /lib/libz.so.1.2.3.4
00d5e000-00d5f000 rw-p 00013000 08:02 2752706    /lib/libz.so.1.2.3.4
00e22000-00e23000 r-xp 00000000 00:00 0          [vdso]
00e23000-0126a000 r-xp 00000000 08:02 3547354    /usr/lib/jvm/java-6-openjdk/jre/lib/i386/client/libjvm.so
0126a000-01281000 r--p 00447000 08:02 3547354    /usr/lib/jvm/java-6-openjdk/jre/lib/i386/client/libjvm.so
01281000-0128e000 rw-p 0045e000 08:02 3547354    /usr/lib/jvm/java-6-openjdk/jre/lib/i386/client/libjvm.so
0128e000-016aa000 rw-p 00000000 00:00 0 
08048000-08051000 r-xp 00000000 08:02 3807575    /usr/lib/jvm/java-6-openjdk/jre/bin/java
08051000-08052000 r--p 00008000 08:02 3807575    /usr/lib/jvm/java-6-openjdk/jre/bin/java
08052000-08053000 rw-p 00009000 08:02 3807575    /usr/lib/jvm/java-6-openjdk/jre/bin/java
089fb000-08a62000 rw-p 00000000 00:00 0          [heap]
912ed000-91333000 r--s 002b3000 08:02 3411534    /usr/share/android-sdk/platforms/android-3/android.jar
91333000-9133a000 rw-p 00000000 00:00 0 
9133a000-91354000 rw-p 00000000 00:00 0 
91354000-9135a000 rw-p 00000000 00:00 0 
9135a000-913ff000 rw-p 00000000 00:00 0 
913ff000-91402000 rw-p 00000000 00:00 0 
91402000-91454000 rw-p 00000000 00:00 0 
91454000-9145a000 rw-p 00000000 00:00 0 
9145a000-914ff000 rw-p 00000000 00:00 0 
914ff000-91505000 rw-p 00000000 00:00 0 
91505000-9151f000 rw-p 00000000 00:00 0 
9151f000-91a70000 rw-p 00000000 00:00 0 
91a70000-9bfc0000 rw-p 00000000 00:00 0 
9bfc0000-9ca70000 rw-p 00000000 00:00 0 
9ca70000-b1520000 rw-p 00000000 00:00 0 
b1520000-b2120000 rw-p 00000000 00:00 0 
b2120000-b5520000 rw-p 00000000 00:00 0 
b552b000-b552c000 rw-p 00000000 00:00 0 
b552c000-b55ab000 rw-p 00000000 00:00 0 
b55ab000-b55db000 rwxp 00000000 00:00 0 
b55db000-b75ab000 rw-p 00000000 00:00 0 
b75ab000-b77ab000 r--p 00000000 08:02 3409053    /usr/lib/locale/locale-archive
b77ab000-b77ae000 ---p 00000000 00:00 0 
b77ae000-b77ff000 rw-p 00000000 00:00 0 
b7806000-b780e000 rw-s 00000000 08:02 3145796    /tmp/hsperfdata_jonatasdaniel/9684
b780e000-b780f000 r--p 002a4000 08:02 3409053    /usr/lib/locale/locale-archive
b780f000-b7810000 rw-p 00000000 00:00 0 
b7810000-b7811000 r--p 00000000 00:00 0 
b7811000-b7813000 rw-p 00000000 00:00 0 
bfd31000-bfd52000 rw-p 00000000 00:00 0          [stack]

VM Arguments:
jvm_args: -agentlib:jdwp=transport=dt_socket,suspend=y,address=localhost:54735 -Dfile.encoding=UTF-8 -Xbootclasspath:/usr/share/android-sdk/platforms/android-3/android.jar 
java_command: br.com.andp.test.debug.Debug
Launcher Type: SUN_STANDARD

Environment Variables:
PATH=/usr/local/sbin:/usr/local/bin:/usr/sbin:/usr/bin:/sbin:/bin:/usr/games
USERNAME=jonatasdaniel
LD_LIBRARY_PATH=/usr/lib/jvm/java-6-openjdk/jre/lib/i386/client:/usr/lib/jvm/java-6-openjdk/jre/lib/i386:/usr/lib/jvm/java-6-openjdk/jre/../lib/i386:/usr/lib/jvm/java-6-openjdk/jre/lib/i386/client:/usr/lib/jvm/java-6-openjdk/jre/lib/i386:/usr/lib/xulrunner-addons:/usr/lib/xulrunner-addons:/usr/lib/xulrunner-addons
SHELL=/bin/bash
DISPLAY=:0.0

Signal Handlers:
SIGSEGV: [libjvm.so+0x3df4f0], sa_mask[0]=0x7ffbfeff, sa_flags=0x10000004
SIGBUS: [libjvm.so+0x3df4f0], sa_mask[0]=0x7ffbfeff, sa_flags=0x10000004
SIGFPE: [libjvm.so+0x3055c0], sa_mask[0]=0x7ffbfeff, sa_flags=0x10000004
SIGPIPE: [libjvm.so+0x3055c0], sa_mask[0]=0x7ffbfeff, sa_flags=0x10000004
SIGXFSZ: [libjvm.so+0x3055c0], sa_mask[0]=0x7ffbfeff, sa_flags=0x10000004
SIGILL: [libjvm.so+0x3055c0], sa_mask[0]=0x7ffbfeff, sa_flags=0x10000004
SIGUSR1: SIG_DFL, sa_mask[0]=0x00000000, sa_flags=0x00000000
SIGUSR2: [libjvm.so+0x304c70], sa_mask[0]=0x00000004, sa_flags=0x10000004
SIGHUP: SIG_DFL, sa_mask[0]=0x00000000, sa_flags=0x00000000
SIGINT: SIG_DFL, sa_mask[0]=0x00000000, sa_flags=0x00000000
SIGTERM: SIG_DFL, sa_mask[0]=0x00000000, sa_flags=0x00000000
SIGQUIT: SIG_DFL, sa_mask[0]=0x00000000, sa_flags=0x00000000


---------------  S Y S T E M  ---------------

OS:Ubuntu 10.10 (maverick)
uname:Linux 2.6.35-25-generic #44-Ubuntu SMP Fri Jan 21 17:40:48 UTC 2011 i686
libc:glibc 2.12.1 NPTL 2.12.1 
rlimit: STACK 8192k, CORE 0k, NPROC infinity, NOFILE 1024, AS infinity
load average:1,37 1,39 1,23

/proc/meminfo:
MemTotal:        2052784 kB
MemFree:           77856 kB
Buffers:          155792 kB
Cached:           863064 kB
SwapCached:            8 kB
Active:          1064228 kB
Inactive:         786956 kB
Active(anon):     564888 kB
Inactive(anon):   281716 kB
Active(file):     499340 kB
Inactive(file):   505240 kB
Unevictable:           0 kB
Mlocked:               0 kB
HighTotal:       1179592 kB
HighFree:           4576 kB
LowTotal:         873192 kB
LowFree:           73280 kB
SwapTotal:       1998844 kB
SwapFree:        1998836 kB
Dirty:              2676 kB
Writeback:             0 kB
AnonPages:        832336 kB
Mapped:           130548 kB
Shmem:             14268 kB
Slab:              70444 kB
SReclaimable:      57960 kB
SUnreclaim:        12484 kB
KernelStack:        2896 kB
PageTables:         7132 kB
NFS_Unstable:          0 kB
Bounce:                0 kB
WritebackTmp:          0 kB
CommitLimit:     3025236 kB
Committed_AS:    2006556 kB
VmallocTotal:     122880 kB
VmallocUsed:       40656 kB
VmallocChunk:      76580 kB
HardwareCorrupted:     0 kB
HugePages_Total:       0
HugePages_Free:        0
HugePages_Rsvd:        0
HugePages_Surp:        0
Hugepagesize:       4096 kB
DirectMap4k:       16376 kB
DirectMap4M:      892928 kB


CPU:total 2 (2 cores per cpu, 1 threads per core) family 15 model 6 stepping 4, cmov, cx8, fxsr, mmx, sse, sse2, sse3

Memory: 4k page, physical 2052784k(77856k free), swap 1998844k(1998836k free)

vm_info: OpenJDK Client VM (19.0-b09) for linux-x86 JRE (1.6.0_20-b20), built on Jan 27 2011 22:47:50 by "buildd" with gcc 4.4.5

time: Thu Feb  3 12:06:57 2011
elapsed time: 0 seconds

